<?xml version="1.0" encoding="UTF-8"?>
<testsuite name="ValidationApiTest" tests="7" skipped="0" failures="1" errors="0" timestamp="2026-07-12T02:44:52" hostname="KUDANIL" time="8.546">
  <properties/>
  <testcase name="testFailedLogin" classname="ValidationApiTest" time="3.444">
    <failure message="java.lang.AssertionError: 1 expectation failed.&#10;Expected status code &lt;400&gt; but was &lt;401&gt;.&#10;" type="java.lang.AssertionError">java.lang.AssertionError: 1 expectation failed.
Expected status code &lt;400&gt; but was &lt;401&gt;.

	at org.codehaus.groovy.vmplugin.v8.IndyInterface.fromCache(IndyInterface.java:344)
	at io.restassured.internal.ResponseSpecificationImpl$HamcrestAssertionClosure.validate(ResponseSpecificationImpl.groovy:516)
	at org.codehaus.groovy.vmplugin.v8.IndyInterface.fromCache(IndyInterface.java:344)
	at io.restassured.internal.ResponseSpecificationImpl.validateResponseIfRequired(ResponseSpecificationImpl.groovy:714)
	at org.codehaus.groovy.vmplugin.v8.IndyInterface.fromCache(IndyInterface.java:344)
	at io.restassured.internal.ResponseSpecificationImpl.statusCode(ResponseSpecificationImpl.groovy:139)
	at org.codehaus.groovy.vmplugin.v8.IndyInterface.fromCache(IndyInterface.java:344)
	at io.restassured.internal.ResponseSpecificationImpl.statusCode(ResponseSpecificationImpl.groovy:147)
	at io.restassured.internal.ValidatableResponseOptionsImpl.statusCode(ValidatableResponseOptionsImpl.java:89)
	at ValidationApiTest.testFailedLogin(ValidationApiTest.java:117)
	at java.base/jdk.internal.reflect.DirectMethodHandleAccessor.invoke(DirectMethodHandleAccessor.java:103)
	at java.base/java.lang.reflect.Method.invoke(Method.java:580)
	at org.testng.internal.invokers.MethodInvocationHelper.invokeMethod(MethodInvocationHelper.java:141)
	at org.testng.internal.invokers.TestInvoker.invokeMethod(TestInvoker.java:697)
	at org.testng.internal.invokers.TestInvoker.invokeTestMethod(TestInvoker.java:230)
	at org.testng.internal.invokers.MethodRunner.runInSequence(MethodRunner.java:63)
	at org.testng.internal.invokers.TestInvoker$MethodInvocationAgent.invoke(TestInvoker.java:1005)
	at org.testng.internal.invokers.TestInvoker.invokeTestMethods(TestInvoker.java:203)
	at org.testng.internal.invokers.TestMethodWorker.invokeTestMethods(TestMethodWorker.java:154)
	at org.testng.internal.invokers.TestMethodWorker.run(TestMethodWorker.java:134)
	at java.base/java.util.ArrayList.forEach(ArrayList.java:1596)
	at org.testng.TestRunner.privateRun(TestRunner.java:744)
	at org.testng.TestRunner.run(TestRunner.java:616)
	at org.testng.SuiteRunner.runTest(SuiteRunner.java:421)
	at org.testng.SuiteRunner.runSequentially(SuiteRunner.java:413)
	at org.testng.SuiteRunner.privateRun(SuiteRunner.java:373)
	at org.testng.SuiteRunner.run(SuiteRunner.java:312)
	at org.testng.SuiteRunnerWorker.runSuite(SuiteRunnerWorker.java:52)
	at org.testng.SuiteRunnerWorker.run(SuiteRunnerWorker.java:95)
	at org.testng.TestNG.runSuitesSequentially(TestNG.java:1274)
	at org.testng.TestNG.runSuitesLocally(TestNG.java:1208)
	at org.testng.TestNG.runSuites(TestNG.java:1112)
	at org.testng.TestNG.run(TestNG.java:1079)
	at org.gradle.api.internal.tasks.testing.testng.TestNGTestClassProcessor.runTests(TestNGTestClassProcessor.java:153)
	at org.gradle.api.internal.tasks.testing.testng.TestNGTestClassProcessor.stop(TestNGTestClassProcessor.java:95)
	at org.gradle.api.internal.tasks.testing.SuiteTestClassProcessor.stop(SuiteTestClassProcessor.java:63)
	at java.base/jdk.internal.reflect.DirectMethodHandleAccessor.invoke(DirectMethodHandleAccessor.java:103)
	at java.base/java.lang.reflect.Method.invoke(Method.java:580)
	at org.gradle.internal.dispatch.ReflectionDispatch.dispatch(ReflectionDispatch.java:36)
	at org.gradle.internal.dispatch.ReflectionDispatch.dispatch(ReflectionDispatch.java:24)
	at org.gradle.internal.dispatch.ContextClassLoaderDispatch.dispatch(ContextClassLoaderDispatch.java:33)
	at org.gradle.internal.dispatch.ProxyDispatchAdapter$DispatchingInvocationHandler.invoke(ProxyDispatchAdapter.java:92)
	at jdk.proxy1/jdk.proxy1.$Proxy4.stop(Unknown Source)
	at org.gradle.api.internal.tasks.testing.worker.TestWorker$3.run(TestWorker.java:200)
	at org.gradle.api.internal.tasks.testing.worker.TestWorker.executeAndMaintainThreadName(TestWorker.java:132)
	at org.gradle.api.internal.tasks.testing.worker.TestWorker.execute(TestWorker.java:103)
	at org.gradle.api.internal.tasks.testing.worker.TestWorker.execute(TestWorker.java:63)
	at org.gradle.process.internal.worker.child.ActionExecutionWorker.execute(ActionExecutionWorker.java:56)
	at org.gradle.process.internal.worker.child.SystemApplicationClassLoaderWorker.call(SystemApplicationClassLoaderWorker.java:121)
	at org.gradle.process.internal.worker.child.SystemApplicationClassLoaderWorker.call(SystemApplicationClassLoaderWorker.java:71)
	at worker.org.gradle.process.internal.worker.GradleWorkerMain.run(GradleWorkerMain.java:69)
	at worker.org.gradle.process.internal.worker.GradleWorkerMain.main(GradleWorkerMain.java:74)
</failure>
  </testcase>
  <testcase name="testRegister" classname="ValidationApiTest" time="1.121"/>
  <testcase name="testLogin" classname="ValidationApiTest" time="1.468"/>
  <testcase name="testGetListUsers" classname="ValidationApiTest" time="0.737"/>
  <testcase name="testLogout" classname="ValidationApiTest" time="0.43"/>
  <testcase name="testWrongLogin" classname="ValidationApiTest" time="0.792"/>
  <testcase name="testBlankLogin" classname="ValidationApiTest" time="0.421"/>
  <system-out><![CDATA[HTTP/1.1 401 Unauthorized
Cache-Control: public, max-age=0, must-revalidate
Content-Type: application/json
Date: Sun, 12 Jul 2026 02:44:54 GMT
Permissions-Policy: geolocation=(), microphone=(), camera=()
Referrer-Policy: strict-origin-when-cross-origin
Server: Vercel
Strict-Transport-Security: max-age=63072000
Vary: RSC, Next-Router-State-Tree, Next-Router-Prefetch
X-Content-Type-Options: nosniff
X-Frame-Options: DENY
X-Matched-Path: /api/auth/login
X-Ratelimit-Limit: 100
X-Ratelimit-Remaining: 98
X-Ratelimit-Reset: 2026-07-12T02:45:54.162Z
X-Vercel-Cache: MISS
X-Vercel-Id: sin1::iad1::75bb4-1783824294133-be316e85701f
X-Xss-Protection: 1; mode=block
Transfer-Encoding: chunked

{
    "success": false,
    "error": "Email atau password salah"
}
HTTP/1.1 201 Created
Cache-Control: public, max-age=0, must-revalidate
Content-Type: application/json
Date: Sun, 12 Jul 2026 02:44:56 GMT
Permissions-Policy: geolocation=(), microphone=(), camera=()
Referrer-Policy: strict-origin-when-cross-origin
Server: Vercel
Strict-Transport-Security: max-age=63072000
Vary: RSC, Next-Router-State-Tree, Next-Router-Prefetch
X-Content-Type-Options: nosniff
X-Frame-Options: DENY
X-Matched-Path: /api/auth/register
X-Ratelimit-Limit: 100
X-Ratelimit-Remaining: 98
X-Ratelimit-Reset: 2026-07-12T02:45:55.573Z
X-Vercel-Cache: MISS
X-Vercel-Id: sin1::iad1::78qg4-1783824295547-88448d33b591
X-Xss-Protection: 1; mode=block
Transfer-Encoding: chunked

{
    "success": true,
    "message": "Registrasi berhasil",
    "data": {
        "id": "0511227f-a30d-4cfe-9a6a-e53268e2cd92",
        "email": "bayuyudha1783824291842@gmail.com",
        "nama": "Bayu Yudha Pratama",
        "created_at": "2026-07-12T02:44:56.216375+00:00",
        "updated_at": "2026-07-12T02:44:56.216375+00:00"
    }
}
Email anda bayuyudha1783824291842@gmail.com berhasil diregistrasi!
Status Code: 200
Response: {"success":true,"message":"Login berhasil","data":{"user":{"id":"0511227f-a30d-4cfe-9a6a-e53268e2cd92","email":"bayuyudha1783824291842@gmail.com","nama":"Bayu Yudha Pratama","created_at":"2026-07-12T02:44:56.216375+00:00","updated_at":"2026-07-12T02:44:56.216375+00:00"},"token":"eyJhbGciOiJIUzI1NiJ9.eyJ1c2VySWQiOiIwNTExMjI3Zi1hMzBkLTRjZmUtOWE2YS1lNTMyNjhlMmNkOTIiLCJlbWFpbCI6ImJheXV5dWRoYTE3ODM4MjQyOTE4NDJAZ21haWwuY29tIiwibmFtYSI6IkJheXUgWXVkaGEgUHJhdGFtYSIsImlhdCI6MTc4MzgyNDI5NywiZXhwIjoxNzg0NDI5MDk3fQ.H_L7fqUJ2-9cVIkUuNmNhjZCTTNKXRsl_GHGgnWzqog"}}
Token: eyJhbGciOiJIUzI1NiJ9.eyJ1c2VySWQiOiIwNTExMjI3Zi1hMzBkLTRjZmUtOWE2YS1lNTMyNjhlMmNkOTIiLCJlbWFpbCI6ImJheXV5dWRoYTE3ODM4MjQyOTE4NDJAZ21haWwuY29tIiwibmFtYSI6IkJheXUgWXVkaGEgUHJhdGFtYSIsImlhdCI6MTc4MzgyNDI5NywiZXhwIjoxNzg0NDI5MDk3fQ.H_L7fqUJ2-9cVIkUuNmNhjZCTTNKXRsl_GHGgnWzqog
HTTP/1.1 200 OK
Cache-Control: public, max-age=0, must-revalidate
Content-Encoding: gzip
Content-Type: application/json
Date: Sun, 12 Jul 2026 02:44:58 GMT
Permissions-Policy: geolocation=(), microphone=(), camera=()
Referrer-Policy: strict-origin-when-cross-origin
Server: Vercel
Strict-Transport-Security: max-age=63072000
Vary: RSC, Next-Router-State-Tree, Next-Router-Prefetch
X-Content-Type-Options: nosniff
X-Frame-Options: DENY
X-Matched-Path: /api/auth/me
X-Ratelimit-Limit: 100
X-Ratelimit-Remaining: 98
X-Ratelimit-Reset: 2026-07-12T02:45:58.178Z
X-Vercel-Cache: BYPASS
X-Vercel-Id: sin1::iad1::fww64-1783824298152-abdc094da54b
X-Xss-Protection: 1; mode=block
Transfer-Encoding: chunked

{
    "success": true,
    "data": {
        "id": "0511227f-a30d-4cfe-9a6a-e53268e2cd92",
        "email": "bayuyudha1783824291842@gmail.com",
        "nama": "Bayu Yudha Pratama",
        "created_at": "2026-07-12T02:44:56.216375+00:00",
        "updated_at": "2026-07-12T02:44:56.216375+00:00"
    }
}
HTTP/1.1 200 OK
Cache-Control: public, max-age=0, must-revalidate
Content-Encoding: gzip
Content-Type: application/json
Date: Sun, 12 Jul 2026 02:44:59 GMT
Permissions-Policy: geolocation=(), microphone=(), camera=()
Referrer-Policy: strict-origin-when-cross-origin
Server: Vercel
Strict-Transport-Security: max-age=63072000
Vary: RSC, Next-Router-State-Tree, Next-Router-Prefetch
X-Content-Type-Options: nosniff
X-Frame-Options: DENY
X-Matched-Path: /api/auth/logout
X-Ratelimit-Limit: 100
X-Ratelimit-Remaining: 98
X-Ratelimit-Reset: 2026-07-12T02:45:58.900Z
X-Vercel-Cache: MISS
X-Vercel-Id: sin1::iad1::cjkqq-1783824298879-2fe517776eb5
X-Xss-Protection: 1; mode=block
Transfer-Encoding: chunked

{
    "success": true,
    "message": "Logout berhasil"
}
HTTP/1.1 401 Unauthorized
Cache-Control: public, max-age=0, must-revalidate
Content-Type: application/json
Date: Sun, 12 Jul 2026 02:44:59 GMT
Permissions-Policy: geolocation=(), microphone=(), camera=()
Referrer-Policy: strict-origin-when-cross-origin
Server: Vercel
Strict-Transport-Security: max-age=63072000
Vary: RSC, Next-Router-State-Tree, Next-Router-Prefetch
X-Content-Type-Options: nosniff
X-Frame-Options: DENY
X-Matched-Path: /api/auth/login
X-Ratelimit-Limit: 100
X-Ratelimit-Remaining: 98
X-Ratelimit-Reset: 2026-07-12T02:45:59.322Z
X-Vercel-Cache: MISS
X-Vercel-Id: sin1::iad1::rsmnx-1783824299303-2ab279c76f9c
X-Xss-Protection: 1; mode=block
Transfer-Encoding: chunked

{
    "success": false,
    "error": "Email atau password salah"
}
Status Code: 401
Response: {"success":false,"error":"Email atau password salah"}
HTTP/1.1 400 Bad Request
Cache-Control: public, max-age=0, must-revalidate
Content-Type: application/json
Date: Sun, 12 Jul 2026 02:45:00 GMT
Permissions-Policy: geolocation=(), microphone=(), camera=()
Referrer-Policy: strict-origin-when-cross-origin
Server: Vercel
Strict-Transport-Security: max-age=63072000
Vary: RSC, Next-Router-State-Tree, Next-Router-Prefetch
X-Content-Type-Options: nosniff
X-Frame-Options: DENY
X-Matched-Path: /api/auth/login
X-Ratelimit-Limit: 100
X-Ratelimit-Remaining: 98
X-Ratelimit-Reset: 2026-07-12T02:46:00.117Z
X-Vercel-Cache: MISS
X-Vercel-Id: sin1::iad1::jmv4m-1783824300097-f2f4fc470f3b
X-Xss-Protection: 1; mode=block
Transfer-Encoding: chunked

{
    "success": false,
    "error": "Validasi gagal: Email tidak valid, Password tidak boleh kosong"
}
Status Code: 400
Response: {"success":false,"error":"Validasi gagal: Email tidak valid, Password tidak boleh kosong"}
]]></system-out>
  <system-err><![CDATA[]]></system-err>
</testsuite>
