<?xml version="1.0" encoding="UTF-8"?>
<testsuite name="StudentManagement" tests="8" skipped="0" failures="0" errors="0" timestamp="2026-07-24T02:09:53" hostname="KUDANIL" time="17.2">
  <properties/>
  <testcase name="testRegister" classname="StudentManagement" time="4.61"/>
  <testcase name="testLogin" classname="StudentManagement" time="2.116"/>
  <testcase name="createStudent" classname="StudentManagement" time="2.815"/>
  <testcase name="getAllStudent" classname="StudentManagement" time="2.177"/>
  <testcase name="getByIdStudent" classname="StudentManagement" time="0.774"/>
  <testcase name="testUpdateStudent" classname="StudentManagement" time="1.63"/>
  <testcase name="testPatchStudent" classname="StudentManagement" time="2.027"/>
  <testcase name="testDestroyStudent" classname="StudentManagement" time="1.023"/>
  <system-out><![CDATA[HTTP/1.1 201 Created
Cache-Control: public, max-age=0, must-revalidate
Content-Type: application/json
Date: Fri, 24 Jul 2026 02:09:58 GMT
Permissions-Policy: geolocation=(), microphone=(), camera=()
Referrer-Policy: strict-origin-when-cross-origin
Server: Vercel
Strict-Transport-Security: max-age=63072000
Vary: RSC, Next-Router-State-Tree, Next-Router-Prefetch
X-Content-Type-Options: nosniff
X-Frame-Options: DENY
X-Matched-Path: /api/auth/register
X-Ratelimit-Limit: 100
X-Ratelimit-Remaining: 98
X-Ratelimit-Reset: 2026-07-24T02:10:56.405Z
X-Vercel-Cache: MISS
X-Vercel-Id: sin1::iad1::fm6cs-1784858996369-dc15e36cd596
X-Xss-Protection: 1; mode=block
Transfer-Encoding: chunked

{
    "success": true,
    "message": "Registrasi berhasil",
    "data": {
        "id": "debc9d6b-55bb-4343-a6ad-e4d26f9d791c",
        "email": "bayuyudha1784858993728@gmail.com",
        "nama": "Bayu Yudha Pratama",
        "created_at": "2026-07-24T02:09:58.270038+00:00",
        "updated_at": "2026-07-24T02:09:58.270038+00:00"
    }
}
Email anda bayuyudha1784858993728@gmail.com berhasil diregistrasi!
Status Code: 200
Response: {"success":true,"message":"Login berhasil","data":{"user":{"id":"debc9d6b-55bb-4343-a6ad-e4d26f9d791c","email":"bayuyudha1784858993728@gmail.com","nama":"Bayu Yudha Pratama","created_at":"2026-07-24T02:09:58.270038+00:00","updated_at":"2026-07-24T02:09:58.270038+00:00"},"token":"eyJhbGciOiJIUzI1NiJ9.eyJ1c2VySWQiOiJkZWJjOWQ2Yi01NWJiLTQzNDMtYTZhZC1lNGQyNmY5ZDc5MWMiLCJlbWFpbCI6ImJheXV5dWRoYTE3ODQ4NTg5OTM3MjhAZ21haWwuY29tIiwibmFtYSI6IkJheXUgWXVkaGEgUHJhdGFtYSIsImlhdCI6MTc4NDg1ODk5OSwiZXhwIjoxNzg1NDYzNzk5fQ.LkmjqoTGle6fblfYUoPKetxBOulCUdnK8jqwi5mr1VE"}}
Token: eyJhbGciOiJIUzI1NiJ9.eyJ1c2VySWQiOiJkZWJjOWQ2Yi01NWJiLTQzNDMtYTZhZC1lNGQyNmY5ZDc5MWMiLCJlbWFpbCI6ImJheXV5dWRoYTE3ODQ4NTg5OTM3MjhAZ21haWwuY29tIiwibmFtYSI6IkJheXUgWXVkaGEgUHJhdGFtYSIsImlhdCI6MTc4NDg1ODk5OSwiZXhwIjoxNzg1NDYzNzk5fQ.LkmjqoTGle6fblfYUoPKetxBOulCUdnK8jqwi5mr1VE
HTTP/1.1 201 Created
Cache-Control: public, max-age=0, must-revalidate
Content-Type: application/json
Date: Fri, 24 Jul 2026 02:10:03 GMT
Permissions-Policy: geolocation=(), microphone=(), camera=()
Referrer-Policy: strict-origin-when-cross-origin
Server: Vercel
Strict-Transport-Security: max-age=63072000
Vary: RSC, Next-Router-State-Tree, Next-Router-Prefetch
X-Content-Type-Options: nosniff
X-Frame-Options: DENY
X-Matched-Path: /api/siswa
X-Ratelimit-Limit: 100
X-Ratelimit-Remaining: 98
X-Ratelimit-Reset: 2026-07-24T02:11:00.960Z
X-Vercel-Cache: MISS
X-Vercel-Id: sin1::iad1::frll2-1784859000935-6aa0632a8ef4
X-Xss-Protection: 1; mode=block
Transfer-Encoding: chunked

{
    "success": true,
    "message": "Siswa berhasil ditambahkan",
    "data": {
        "id": "59c82301-802f-4f6f-a6ad-4a05a69c548f",
        "nama": "Tamaki Ridho",
        "nis": "998875",
        "kelas": "X-RPL-1",
        "jurusan": "RPL",
        "email": "ridhotest1784858993728@gmail.com",
        "telepon": "084858993728",
        "alamat": "Kalimantan",
        "created_by": "unknown",
        "created_at": "2026-07-24T02:10:03.258688+00:00",
        "updated_at": "2026-07-24T02:10:03.258688+00:00"
    }
}
Nama student Tamaki Ridho berhasil di-create!
HTTP/1.1 200 OK
Cache-Control: public, max-age=0, must-revalidate
Content-Encoding: gzip
Content-Type: application/json
Date: Fri, 24 Jul 2026 02:10:04 GMT
Permissions-Policy: geolocation=(), microphone=(), camera=()
Referrer-Policy: strict-origin-when-cross-origin
Server: Vercel
Strict-Transport-Security: max-age=63072000
Vary: RSC, Next-Router-State-Tree, Next-Router-Prefetch
X-Content-Type-Options: nosniff
X-Frame-Options: DENY
X-Matched-Path: /api/siswa
X-Ratelimit-Limit: 100
X-Ratelimit-Remaining: 98
X-Ratelimit-Reset: 2026-07-24T02:11:03.846Z
X-Vercel-Cache: BYPASS
X-Vercel-Id: sin1::iad1::6zt4q-1784859003818-1ef0cde42848
X-Xss-Protection: 1; mode=block
Transfer-Encoding: chunked

{
    "success": true,
    "data": {
        "data": [
            {
                "id": "e8fdaa81-4775-4d26-98d1-60d4d398d12a",
                "nama": "Test User",
                "nis": "1781550125715",
                "kelas": "X-IPA-1",
                "jurusan": "IPA",
                "email": "test1781550125715@mail.com",
                "telepon": null,
                "alamat": null,
                "created_by": "unknown",
                "created_at": "2026-06-15T19:02:06.983652+00:00",
                "updated_at": "2026-06-15T19:02:06.983652+00:00"
            },
            {
                "id": "80a175d6-87a1-48ba-a847-291d83ff5aaf",
                "nama": "Test User",
                "nis": "1781549965233",
                "kelas": "X-IPA-1",
                "jurusan": "IPA",
                "email": "test1781549965233@mail.com",
                "telepon": null,
                "alamat": null,
                "created_by": "unknown",
                "created_at": "2026-06-15T18:59:26.056537+00:00",
                "updated_at": "2026-06-15T18:59:26.056537+00:00"
            },
            {
                "id": "81249bbb-afc1-47ec-883a-8a147aabff82",
                "nama": "Test User",
                "nis": "1781549315433",
                "kelas": "X-IPA-1",
                "jurusan": "IPA",
                "email": "test1781549315433@mail.com",
                "telepon": null,
                "alamat": null,
                "created_by": "unknown",
                "created_at": "2026-06-15T18:48:36.231107+00:00",
                "updated_at": "2026-06-15T18:48:36.231107+00:00"
            },
            {
                "id": "58cca2b9-ac91-47cf-99ea-4456d0569fd3",
                "nama": "Test User",
                "nis": "1781549100238",
                "kelas": "X-IPA-1",
                "jurusan": "IPA",
                "email": "test1781549100238@mail.com",
                "telepon": null,
                "alamat": null,
                "created_by": "unknown",
                "created_at": "2026-06-15T18:45:01.078473+00:00",
                "updated_at": "2026-06-15T18:45:01.078473+00:00"
            },
            {
                "id": "52dde661-f07a-4dce-888f-a5853523ab00",
                "nama": "Test User",
                "nis": "1781548796149",
                "kelas": "X-IPA-1",
                "jurusan": "IPA",
                "email": "test1781548796149@mail.com",
                "telepon": null,
                "alamat": null,
                "created_by": "unknown",
                "created_at": "2026-06-15T18:39:58.429128+00:00",
                "updated_at": "2026-06-15T18:39:58.429128+00:00"
            },
            {
                "id": "50c15f00-7f95-4cb9-97ef-8fde2f07c570",
                "nama": "Test User",
                "nis": "1781548549948",
                "kelas": "X-IPA-1",
                "jurusan": "IPA",
                "email": "test1781548549948@mail.com",
                "telepon": null,
                "alamat": null,
                "created_by": "unknown",
                "created_at": "2026-06-15T18:35:51.358304+00:00",
                "updated_at": "2026-06-15T18:35:51.358304+00:00"
            },
            {
                "id": "f0988c9a-03d9-4d1b-93d7-cf70e7a23418",
                "nama": "New Student Three",
                "nis": "80934532",
                "kelas": "X-IPA-3",
                "jurusan": "IPA",
                "email": "newstud3@mail.com",
                "telepon": "081111111113",
                "alamat": "Jl. Address no. 502",
                "created_by": "unknown",
                "created_at": "2026-06-15T03:09:31.748718+00:00",
                "updated_at": "2026-06-15T03:09:31.748718+00:00"
            },
            {
                "id": "50f93cfc-db06-4734-926c-698d8458ad5d",
                "nama": "Test User",
                "nis": "1781449562366",
                "kelas": "X-IPA-1",
                "jurusan": "IPA",
                "email": "test1781449562366@mail.com",
                "telepon": null,
                "alamat": null,
                "created_by": "unknown",
                "created_at": "2026-06-14T15:06:03.15096+00:00",
                "updated_at": "2026-06-14T15:06:03.15096+00:00"
            },
            {
                "id": "cd73b748-6b5a-4449-939d-b49372b69c50",
                "nama": "Anggi",
                "nis": "198647300",
                "kelas": "XI-IPA-1",
                "jurusan": "IPA",
                "email": "anggidelfia100@gmail.com",
                "telepon": "081577888100",
                "alamat": "Wonosobo",
                "created_by": "unknown",
                "created_at": "2026-06-14T08:54:26.682943+00:00",
                "updated_at": "2026-06-14T08:54:26.682943+00:00"
            },
            {
                "id": "06580420-91cf-4629-a756-08cfc5b6f17f",
                "nama": "Anggi",
                "nis": "198647299",
                "kelas": "XI-IPA-1",
                "jurusan": "IPA",
                "email": "anggidelfia99@gmail.com",
                "telepon": "081577888999",
                "alamat": "Wonosobo",
                "created_by": "unknown",
                "created_at": "2026-06-14T08:41:51.454859+00:00",
                "updated_at": "2026-06-14T08:41:51.454859+00:00"
            },
            {
                "id": "11b943fd-6e1f-4845-b7c3-0a91d8230324",
                "nama": "Anggi",
                "nis": "198647277",
                "kelas": "XI-IPA-1",
                "jurusan": "IPA",
                "email": "anggidelfia77@gmail.com",
                "telepon": "08156936788",
                "alamat": "Wonosobo",
                "created_by": "unknown",
                "created_at": "2026-06-14T08:36:38.38171+00:00",
                "updated_at": "2026-06-14T08:36:38.38171+00:00"
            },
            {
                "id": "f329c217-b3d5-4b40-bc5c-1462f8523a86",
                "nama": "Anggi",
                "nis": "124200999",
                "kelas": "XI-IPA-1",
                "jurusan": "IPA",
                "email": "anggi124200999@gmail.com",
                "telepon": "081999999991",
                "alamat": "Wonosobo",
                "created_by": "unknown",
                "created_at": "2026-06-14T07:57:54.876519+00:00",
                "updated_at": "2026-06-14T07:57:54.876519+00:00"
            },
            {
                "id": "07bb7261-633b-44ed-a5ba-08c70e4c8428",
                "nama": "New Student Two",
                "nis": "80934531",
                "kelas": "X-IPA-3",
                "jurusan": "IPA",
                "email": "newstud2@mail.com",
                "telepon": "081111111112",
                "alamat": "Jl. Address no. 501",
                "created_by": "unknown",
                "created_at": "2026-06-12T11:08:19.977714+00:00",
                "updated_at": "2026-06-12T11:08:19.977714+00:00"
            },
            {
                "id": "c9ede0d5-5db2-48a4-b35d-f45906d9dfb0",
                "nama": "New Student",
                "nis": "80934530",
                "kelas": "X-IPA-3",
                "jurusan": "IPA",
                "email": "newstud@mail.com",
                "telepon": "081111111111",
                "alamat": "Jl. Address no. 500",
                "created_by": "unknown",
                "created_at": "2026-06-12T11:04:09.667718+00:00",
                "updated_at": "2026-06-12T11:04:09.667718+00:00"
            },
            {
                "id": "f46f1811-7a2c-47ef-aaf0-50cf09b36089",
                "nama": "Test User",
                "nis": "1781212257879",
                "kelas": "X-IPA-1",
                "jurusan": "IPA",
                "email": "test1781212257879@mail.com",
                "telepon": null,
                "alamat": null,
                "created_by": "unknown",
                "created_at": "2026-06-11T21:10:58.86166+00:00",
                "updated_at": "2026-06-11T21:10:58.86166+00:00"
            }
        ],
        "pagination": {
            "page": 3,
            "limit": 15,
            "total": 11579,
            "totalPages": 772
        }
    }
}
HTTP/1.1 200 OK
Cache-Control: public, max-age=0, must-revalidate
Content-Encoding: gzip
Content-Type: application/json
Date: Fri, 24 Jul 2026 02:10:06 GMT
Permissions-Policy: geolocation=(), microphone=(), camera=()
Referrer-Policy: strict-origin-when-cross-origin
Server: Vercel
Strict-Transport-Security: max-age=63072000
Vary: RSC, Next-Router-State-Tree, Next-Router-Prefetch
X-Content-Type-Options: nosniff
X-Frame-Options: DENY
X-Matched-Path: /api/siswa/[id]
X-Ratelimit-Limit: 100
X-Ratelimit-Remaining: 98
X-Ratelimit-Reset: 2026-07-24T02:11:05.977Z
X-Vercel-Cache: BYPASS
X-Vercel-Id: sin1::iad1::zmg7h-1784859005953-4eecedce92e6
X-Xss-Protection: 1; mode=block
Transfer-Encoding: chunked

{
    "success": true,
    "data": {
        "id": "59c82301-802f-4f6f-a6ad-4a05a69c548f",
        "nama": "Tamaki Ridho",
        "nis": "998875",
        "kelas": "X-RPL-1",
        "jurusan": "RPL",
        "email": "ridhotest1784858993728@gmail.com",
        "telepon": "084858993728",
        "alamat": "Kalimantan",
        "created_by": "unknown",
        "created_at": "2026-07-24T02:10:03.258688+00:00",
        "updated_at": "2026-07-24T02:10:03.258688+00:00"
    }
}
HTTP/1.1 200 OK
Cache-Control: public, max-age=0, must-revalidate
Content-Encoding: gzip
Content-Type: application/json
Date: Fri, 24 Jul 2026 02:10:08 GMT
Permissions-Policy: geolocation=(), microphone=(), camera=()
Referrer-Policy: strict-origin-when-cross-origin
Server: Vercel
Strict-Transport-Security: max-age=63072000
Vary: RSC, Next-Router-State-Tree, Next-Router-Prefetch
X-Content-Type-Options: nosniff
X-Frame-Options: DENY
X-Matched-Path: /api/siswa/[id]
X-Ratelimit-Limit: 100
X-Ratelimit-Remaining: 98
X-Ratelimit-Reset: 2026-07-24T02:11:06.784Z
X-Vercel-Cache: MISS
X-Vercel-Id: sin1::iad1::5xtwg-1784859006759-10759582e318
X-Xss-Protection: 1; mode=block
Transfer-Encoding: chunked

{
    "success": true,
    "message": "Siswa berhasil diupdate",
    "data": {
        "id": "59c82301-802f-4f6f-a6ad-4a05a69c548f",
        "nama": "Iroha Ridho",
        "nis": "998875",
        "kelas": "XI-TKJ-2",
        "jurusan": "RPL",
        "email": null,
        "telepon": null,
        "alamat": "Banjarmasin, Kalimantan Selatan",
        "created_by": "unknown",
        "created_at": "2026-07-24T02:10:03.258688+00:00",
        "updated_at": "2026-07-24T02:10:07.931278+00:00"
    }
}
Status Code: 200
Response: {"success":true,"message":"Siswa berhasil diupdate","data":{"id":"59c82301-802f-4f6f-a6ad-4a05a69c548f","nama":"Iroha Ridho","nis":"998875","kelas":"XI-TKJ-2","jurusan":"RPL","email":null,"telepon":null,"alamat":"Banjarmasin, Kalimantan Selatan","created_by":"unknown","created_at":"2026-07-24T02:10:03.258688+00:00","updated_at":"2026-07-24T02:10:07.931278+00:00"}}
Status Code: 200
Response: {"success":true,"message":"Siswa berhasil diupdate","data":{"id":"59c82301-802f-4f6f-a6ad-4a05a69c548f","nama":"Iroha Ridho","nis":"998875","kelas":"XI-TKJ-2","jurusan":"RPL","email":null,"telepon":null,"alamat":"Banjarmasin, Kalimantan Selatan","created_by":"unknown","created_at":"2026-07-24T02:10:03.258688+00:00","updated_at":"2026-07-24T02:10:07.931278+00:00"}}
HTTP/1.1 200 OK
Cache-Control: public, max-age=0, must-revalidate
Content-Encoding: gzip
Content-Type: application/json
Date: Fri, 24 Jul 2026 02:10:10 GMT
Permissions-Policy: geolocation=(), microphone=(), camera=()
Referrer-Policy: strict-origin-when-cross-origin
Server: Vercel
Strict-Transport-Security: max-age=63072000
Vary: RSC, Next-Router-State-Tree, Next-Router-Prefetch
X-Content-Type-Options: nosniff
X-Frame-Options: DENY
X-Matched-Path: /api/siswa/[id]
X-Ratelimit-Limit: 100
X-Ratelimit-Remaining: 98
X-Ratelimit-Reset: 2026-07-24T02:11:09.373Z
X-Vercel-Cache: MISS
X-Vercel-Id: sin1::iad1::lz4m8-1784859009351-c1ffe54e1253
X-Xss-Protection: 1; mode=block
Transfer-Encoding: chunked

{
    "success": true,
    "message": "Siswa berhasil diupdate",
    "data": {
        "id": "59c82301-802f-4f6f-a6ad-4a05a69c548f",
        "nama": "Kaname Ridho",
        "nis": "998875",
        "kelas": "XI-TKJ-2",
        "jurusan": "RPL",
        "email": null,
        "telepon": null,
        "alamat": "Banjarmasin, Kalimantan Selatan",
        "created_by": "unknown",
        "created_at": "2026-07-24T02:10:03.258688+00:00",
        "updated_at": "2026-07-24T02:10:09.977919+00:00"
    }
}
Status Code: 200
Response: {"success":true,"message":"Siswa berhasil diupdate","data":{"id":"59c82301-802f-4f6f-a6ad-4a05a69c548f","nama":"Kaname Ridho","nis":"998875","kelas":"XI-TKJ-2","jurusan":"RPL","email":null,"telepon":null,"alamat":"Banjarmasin, Kalimantan Selatan","created_by":"unknown","created_at":"2026-07-24T02:10:03.258688+00:00","updated_at":"2026-07-24T02:10:09.977919+00:00"}}
HTTP/1.1 200 OK
Cache-Control: public, max-age=0, must-revalidate
Content-Encoding: gzip
Content-Type: application/json
Date: Fri, 24 Jul 2026 02:10:11 GMT
Permissions-Policy: geolocation=(), microphone=(), camera=()
Referrer-Policy: strict-origin-when-cross-origin
Server: Vercel
Strict-Transport-Security: max-age=63072000
Vary: RSC, Next-Router-State-Tree, Next-Router-Prefetch
X-Content-Type-Options: nosniff
X-Frame-Options: DENY
X-Matched-Path: /api/siswa/[id]
X-Ratelimit-Limit: 100
X-Ratelimit-Remaining: 98
X-Ratelimit-Reset: 2026-07-24T02:11:10.382Z
X-Vercel-Cache: MISS
X-Vercel-Id: sin1::iad1::sthfd-1784859010360-c56bacb9cd86
X-Xss-Protection: 1; mode=block
Transfer-Encoding: chunked

{
    "success": true,
    "message": "Siswa berhasil dihapus"
}
Status Code: 200
Response: {"success":true,"message":"Siswa berhasil dihapus"}
]]></system-out>
  <system-err><![CDATA[]]></system-err>
</testsuite>
